D:\QUADCOPTER\PROJECTS\VS2012\QUADCOPTER\RELEASE\QUADCOPTERDEMO.OBJ
D:\QUADCOPTER\PROJECTS\VS2012\QUADCOPTER\RELEASE\QUADCOPTER.OBJ
D:\QUADCOPTER\PROJECTS\VS2012\QUADCOPTER\RELEASE\MAIN.OBJ
D:\QUADCOPTER\PROJECTS\VS2012\QUADCOPTER\RELEASE\VC110.PDB
\\PSF\DMZ\QUADCOPTER\PROJECTS\VS2012\QUADCOPTER\RELEASE\MAIN.OBJ
\\PSF\DMZ\QUADCOPTER\PROJECTS\VS2012\QUADCOPTER\RELEASE\QUADCOPTERDEMO.OBJ
\\PSF\DMZ\QUADCOPTER\PROJECTS\VS2012\QUADCOPTER\RELEASE\QUADCOPTER.OBJ
\\PSF\DMZ\QUADCOPTER\PROJECTS\VS2012\QUADCOPTER\RELEASE\VC110.PDB
D:\QUADCOPTER\RELEASE\QUADCOPTER.EXE
D:\QUADCOPTER\RELEASE\QUADCOPTER.PDB
\\PSF\DMZ\QUADCOPTER\RELEASE\QUADCOPTER.EXE
\\PSF\DMZ\QUADCOPTER\RELEASE\QUADCOPTER.PDB
\\psf\DMZ\Quadcopter\Projects\VS2012\Quadcopter\Release\QuadcopterDemo.obj
\\psf\DMZ\Quadcopter\Projects\VS2012\Quadcopter\Release\Quadcopter.obj
\\psf\DMZ\Quadcopter\Projects\VS2012\Quadcopter\Release\main.obj
\\psf\DMZ\Quadcopter\Projects\VS2012\Quadcopter\Release\cl.read.1.tlog
\\psf\DMZ\Quadcopter\Projects\VS2012\Quadcopter\Release\cl.write.1.tlog
\\psf\DMZ\Quadcopter\Projects\VS2012\Quadcopter\Release\cl.command.1.tlog
\\psf\DMZ\Quadcopter\Projects\VS2012\Quadcopter\Release\link-rc.read.1.tlog
\\psf\DMZ\Quadcopter\Projects\VS2012\Quadcopter\Release\link-rc.write.1.tlog
\\psf\DMZ\Quadcopter\Projects\VS2012\Quadcopter\Release\link-cvtres.read.1.tlog
\\psf\DMZ\Quadcopter\Projects\VS2012\Quadcopter\Release\link-cvtres.write.1.tlog
\\psf\DMZ\Quadcopter\Projects\VS2012\Quadcopter\Release\link.read.1.tlog
\\psf\DMZ\Quadcopter\Projects\VS2012\Quadcopter\Release\link.write.1.tlog
\\psf\DMZ\Quadcopter\Projects\VS2012\Quadcopter\Release\link.command.1.tlog
\\psf\DMZ\Quadcopter\Projects\VS2012\Quadcopter\Release\vc110.pdb
\\psf\DMZ\Quadcopter\Projects\VS2012\..\..\Release\Quadcopter.pdb
\\psf\DMZ\Quadcopter\Projects\VS2012\..\..\Release\Quadcopter.exe
