C:\USERS\NITI1987\DOCUMENTS\GITHUB\QUADCOPTER\QUADCOPTER\PROJECTS\VS2012\QUADCOPTER\X64\RELEASE\ROADMAP.OBJ
C:\USERS\NITI1987\DOCUMENTS\GITHUB\QUADCOPTER\QUADCOPTER\PROJECTS\VS2012\QUADCOPTER\X64\RELEASE\QUADCOPTERDEMO.OBJ
C:\USERS\NITI1987\DOCUMENTS\GITHUB\QUADCOPTER\QUADCOPTER\PROJECTS\VS2012\QUADCOPTER\X64\RELEASE\QUADCOPTER.OBJ
C:\USERS\NITI1987\DOCUMENTS\GITHUB\QUADCOPTER\QUADCOPTER\PROJECTS\VS2012\QUADCOPTER\X64\RELEASE\MAIN.OBJ
C:\USERS\NITI1987\DOCUMENTS\GITHUB\QUADCOPTER\QUADCOPTER\PROJECTS\VS2012\QUADCOPTER\X64\RELEASE\SIMULATION.OBJ
C:\USERS\NITI1987\DOCUMENTS\GITHUB\QUADCOPTER\QUADCOPTER\PROJECTS\VS2012\QUADCOPTER\X64\RELEASE\VC110.PDB
C:\USERS\NITI1987\DOCUMENTS\GITHUB\QUADCOPTER\QUADCOPTER\RELEASE\QUADCOPTER_X64.EXE
C:\Users\niti1987\Documents\GitHub\Quadcopter\Quadcopter\Projects\VS2012\Quadcopter\x64\Release\AngularVelocity.obj
C:\Users\niti1987\Documents\GitHub\Quadcopter\Quadcopter\Projects\VS2012\Quadcopter\x64\Release\main.obj
C:\Users\niti1987\Documents\GitHub\Quadcopter\Quadcopter\Projects\VS2012\Quadcopter\x64\Release\Orientation.obj
C:\Users\niti1987\Documents\GitHub\Quadcopter\Quadcopter\Projects\VS2012\Quadcopter\x64\Release\Quadcopter.obj
C:\Users\niti1987\Documents\GitHub\Quadcopter\Quadcopter\Projects\VS2012\Quadcopter\x64\Release\QuadcopterDemo.obj
C:\Users\niti1987\Documents\GitHub\Quadcopter\Quadcopter\Projects\VS2012\Quadcopter\x64\Release\Roadmap.obj
C:\Users\niti1987\Documents\GitHub\Quadcopter\Quadcopter\Projects\VS2012\Quadcopter\x64\Release\Simulation.obj
C:\Users\niti1987\Documents\GitHub\Quadcopter\Quadcopter\Projects\VS2012\Quadcopter\x64\Release\Vehicle.obj
C:\Users\niti1987\Documents\GitHub\Quadcopter\Quadcopter\Projects\VS2012\Quadcopter\x64\Release\VehicleAttitudeHelpers.obj
C:\Users\niti1987\Documents\GitHub\Quadcopter\Quadcopter\Projects\VS2012\Quadcopter\x64\Release\VehicleState.obj
C:\Users\niti1987\Documents\GitHub\Quadcopter\Quadcopter\Projects\VS2012\Quadcopter\x64\Release\CL.10060.read.1.tlog
C:\Users\niti1987\Documents\GitHub\Quadcopter\Quadcopter\Projects\VS2012\Quadcopter\x64\Release\CL.10060.write.1.tlog
C:\Users\niti1987\Documents\GitHub\Quadcopter\Quadcopter\Projects\VS2012\Quadcopter\x64\Release\CL.10084.read.1.tlog
C:\Users\niti1987\Documents\GitHub\Quadcopter\Quadcopter\Projects\VS2012\Quadcopter\x64\Release\CL.10084.write.1.tlog
C:\Users\niti1987\Documents\GitHub\Quadcopter\Quadcopter\Projects\VS2012\Quadcopter\x64\Release\CL.10176.read.1.tlog
C:\Users\niti1987\Documents\GitHub\Quadcopter\Quadcopter\Projects\VS2012\Quadcopter\x64\Release\CL.10176.write.1.tlog
C:\Users\niti1987\Documents\GitHub\Quadcopter\Quadcopter\Projects\VS2012\Quadcopter\x64\Release\CL.10388.read.1.tlog
C:\Users\niti1987\Documents\GitHub\Quadcopter\Quadcopter\Projects\VS2012\Quadcopter\x64\Release\CL.10388.write.1.tlog
C:\Users\niti1987\Documents\GitHub\Quadcopter\Quadcopter\Projects\VS2012\Quadcopter\x64\Release\CL.10572.read.1.tlog
C:\Users\niti1987\Documents\GitHub\Quadcopter\Quadcopter\Projects\VS2012\Quadcopter\x64\Release\CL.10572.write.1.tlog
C:\Users\niti1987\Documents\GitHub\Quadcopter\Quadcopter\Projects\VS2012\Quadcopter\x64\Release\CL.10656.read.1.tlog
C:\Users\niti1987\Documents\GitHub\Quadcopter\Quadcopter\Projects\VS2012\Quadcopter\x64\Release\CL.10656.write.1.tlog
C:\Users\niti1987\Documents\GitHub\Quadcopter\Quadcopter\Projects\VS2012\Quadcopter\x64\Release\CL.11064.read.1.tlog
C:\Users\niti1987\Documents\GitHub\Quadcopter\Quadcopter\Projects\VS2012\Quadcopter\x64\Release\CL.11064.write.1.tlog
C:\Users\niti1987\Documents\GitHub\Quadcopter\Quadcopter\Projects\VS2012\Quadcopter\x64\Release\CL.11148.read.1.tlog
C:\Users\niti1987\Documents\GitHub\Quadcopter\Quadcopter\Projects\VS2012\Quadcopter\x64\Release\CL.11148.write.1.tlog
C:\Users\niti1987\Documents\GitHub\Quadcopter\Quadcopter\Projects\VS2012\Quadcopter\x64\Release\CL.1292.read.1.tlog
C:\Users\niti1987\Documents\GitHub\Quadcopter\Quadcopter\Projects\VS2012\Quadcopter\x64\Release\CL.1292.write.1.tlog
C:\Users\niti1987\Documents\GitHub\Quadcopter\Quadcopter\Projects\VS2012\Quadcopter\x64\Release\CL.1424.read.1.tlog
C:\Users\niti1987\Documents\GitHub\Quadcopter\Quadcopter\Projects\VS2012\Quadcopter\x64\Release\CL.1424.write.1.tlog
C:\Users\niti1987\Documents\GitHub\Quadcopter\Quadcopter\Projects\VS2012\Quadcopter\x64\Release\CL.16820.read.1.tlog
C:\Users\niti1987\Documents\GitHub\Quadcopter\Quadcopter\Projects\VS2012\Quadcopter\x64\Release\CL.16820.write.1.tlog
C:\Users\niti1987\Documents\GitHub\Quadcopter\Quadcopter\Projects\VS2012\Quadcopter\x64\Release\CL.17344.read.1.tlog
C:\Users\niti1987\Documents\GitHub\Quadcopter\Quadcopter\Projects\VS2012\Quadcopter\x64\Release\CL.17344.write.1.tlog
C:\Users\niti1987\Documents\GitHub\Quadcopter\Quadcopter\Projects\VS2012\Quadcopter\x64\Release\CL.1872.read.1.tlog
C:\Users\niti1987\Documents\GitHub\Quadcopter\Quadcopter\Projects\VS2012\Quadcopter\x64\Release\CL.1872.write.1.tlog
C:\Users\niti1987\Documents\GitHub\Quadcopter\Quadcopter\Projects\VS2012\Quadcopter\x64\Release\CL.20212.read.1.tlog
C:\Users\niti1987\Documents\GitHub\Quadcopter\Quadcopter\Projects\VS2012\Quadcopter\x64\Release\CL.20212.write.1.tlog
C:\Users\niti1987\Documents\GitHub\Quadcopter\Quadcopter\Projects\VS2012\Quadcopter\x64\Release\CL.2064.read.1.tlog
C:\Users\niti1987\Documents\GitHub\Quadcopter\Quadcopter\Projects\VS2012\Quadcopter\x64\Release\CL.2064.write.1.tlog
C:\Users\niti1987\Documents\GitHub\Quadcopter\Quadcopter\Projects\VS2012\Quadcopter\x64\Release\CL.2768.read.1.tlog
C:\Users\niti1987\Documents\GitHub\Quadcopter\Quadcopter\Projects\VS2012\Quadcopter\x64\Release\CL.2768.write.1.tlog
C:\Users\niti1987\Documents\GitHub\Quadcopter\Quadcopter\Projects\VS2012\Quadcopter\x64\Release\CL.2860.read.1.tlog
C:\Users\niti1987\Documents\GitHub\Quadcopter\Quadcopter\Projects\VS2012\Quadcopter\x64\Release\CL.2860.write.1.tlog
C:\Users\niti1987\Documents\GitHub\Quadcopter\Quadcopter\Projects\VS2012\Quadcopter\x64\Release\CL.2928.read.1.tlog
C:\Users\niti1987\Documents\GitHub\Quadcopter\Quadcopter\Projects\VS2012\Quadcopter\x64\Release\CL.2928.write.1.tlog
C:\Users\niti1987\Documents\GitHub\Quadcopter\Quadcopter\Projects\VS2012\Quadcopter\x64\Release\CL.3352.read.1.tlog
C:\Users\niti1987\Documents\GitHub\Quadcopter\Quadcopter\Projects\VS2012\Quadcopter\x64\Release\CL.3352.write.1.tlog
C:\Users\niti1987\Documents\GitHub\Quadcopter\Quadcopter\Projects\VS2012\Quadcopter\x64\Release\CL.3436.read.1.tlog
C:\Users\niti1987\Documents\GitHub\Quadcopter\Quadcopter\Projects\VS2012\Quadcopter\x64\Release\CL.3436.write.1.tlog
C:\Users\niti1987\Documents\GitHub\Quadcopter\Quadcopter\Projects\VS2012\Quadcopter\x64\Release\CL.3456.read.1.tlog
C:\Users\niti1987\Documents\GitHub\Quadcopter\Quadcopter\Projects\VS2012\Quadcopter\x64\Release\CL.3456.write.1.tlog
C:\Users\niti1987\Documents\GitHub\Quadcopter\Quadcopter\Projects\VS2012\Quadcopter\x64\Release\CL.3460.read.1.tlog
C:\Users\niti1987\Documents\GitHub\Quadcopter\Quadcopter\Projects\VS2012\Quadcopter\x64\Release\CL.3460.write.1.tlog
C:\Users\niti1987\Documents\GitHub\Quadcopter\Quadcopter\Projects\VS2012\Quadcopter\x64\Release\CL.3484.read.1.tlog
C:\Users\niti1987\Documents\GitHub\Quadcopter\Quadcopter\Projects\VS2012\Quadcopter\x64\Release\CL.3484.write.1.tlog
C:\Users\niti1987\Documents\GitHub\Quadcopter\Quadcopter\Projects\VS2012\Quadcopter\x64\Release\CL.3504.read.1.tlog
C:\Users\niti1987\Documents\GitHub\Quadcopter\Quadcopter\Projects\VS2012\Quadcopter\x64\Release\CL.3504.write.1.tlog
C:\Users\niti1987\Documents\GitHub\Quadcopter\Quadcopter\Projects\VS2012\Quadcopter\x64\Release\CL.3564.read.1.tlog
C:\Users\niti1987\Documents\GitHub\Quadcopter\Quadcopter\Projects\VS2012\Quadcopter\x64\Release\CL.3564.write.1.tlog
C:\Users\niti1987\Documents\GitHub\Quadcopter\Quadcopter\Projects\VS2012\Quadcopter\x64\Release\CL.3648.read.1.tlog
C:\Users\niti1987\Documents\GitHub\Quadcopter\Quadcopter\Projects\VS2012\Quadcopter\x64\Release\CL.3648.write.1.tlog
C:\Users\niti1987\Documents\GitHub\Quadcopter\Quadcopter\Projects\VS2012\Quadcopter\x64\Release\CL.3696.read.1.tlog
C:\Users\niti1987\Documents\GitHub\Quadcopter\Quadcopter\Projects\VS2012\Quadcopter\x64\Release\CL.3696.write.1.tlog
C:\Users\niti1987\Documents\GitHub\Quadcopter\Quadcopter\Projects\VS2012\Quadcopter\x64\Release\CL.3700.read.1.tlog
C:\Users\niti1987\Documents\GitHub\Quadcopter\Quadcopter\Projects\VS2012\Quadcopter\x64\Release\CL.3700.write.1.tlog
C:\Users\niti1987\Documents\GitHub\Quadcopter\Quadcopter\Projects\VS2012\Quadcopter\x64\Release\CL.3800.read.1.tlog
C:\Users\niti1987\Documents\GitHub\Quadcopter\Quadcopter\Projects\VS2012\Quadcopter\x64\Release\CL.3800.write.1.tlog
C:\Users\niti1987\Documents\GitHub\Quadcopter\Quadcopter\Projects\VS2012\Quadcopter\x64\Release\CL.4120.read.1.tlog
C:\Users\niti1987\Documents\GitHub\Quadcopter\Quadcopter\Projects\VS2012\Quadcopter\x64\Release\CL.4120.write.1.tlog
C:\Users\niti1987\Documents\GitHub\Quadcopter\Quadcopter\Projects\VS2012\Quadcopter\x64\Release\CL.4124.read.1.tlog
C:\Users\niti1987\Documents\GitHub\Quadcopter\Quadcopter\Projects\VS2012\Quadcopter\x64\Release\CL.4124.write.1.tlog
C:\Users\niti1987\Documents\GitHub\Quadcopter\Quadcopter\Projects\VS2012\Quadcopter\x64\Release\CL.4192.read.1.tlog
C:\Users\niti1987\Documents\GitHub\Quadcopter\Quadcopter\Projects\VS2012\Quadcopter\x64\Release\CL.4192.write.1.tlog
C:\Users\niti1987\Documents\GitHub\Quadcopter\Quadcopter\Projects\VS2012\Quadcopter\x64\Release\CL.4392.read.1.tlog
C:\Users\niti1987\Documents\GitHub\Quadcopter\Quadcopter\Projects\VS2012\Quadcopter\x64\Release\CL.4392.write.1.tlog
C:\Users\niti1987\Documents\GitHub\Quadcopter\Quadcopter\Projects\VS2012\Quadcopter\x64\Release\CL.4576.read.1.tlog
C:\Users\niti1987\Documents\GitHub\Quadcopter\Quadcopter\Projects\VS2012\Quadcopter\x64\Release\CL.4576.write.1.tlog
C:\Users\niti1987\Documents\GitHub\Quadcopter\Quadcopter\Projects\VS2012\Quadcopter\x64\Release\CL.4632.read.1.tlog
C:\Users\niti1987\Documents\GitHub\Quadcopter\Quadcopter\Projects\VS2012\Quadcopter\x64\Release\CL.4632.write.1.tlog
C:\Users\niti1987\Documents\GitHub\Quadcopter\Quadcopter\Projects\VS2012\Quadcopter\x64\Release\CL.4908.read.1.tlog
C:\Users\niti1987\Documents\GitHub\Quadcopter\Quadcopter\Projects\VS2012\Quadcopter\x64\Release\CL.4908.write.1.tlog
C:\Users\niti1987\Documents\GitHub\Quadcopter\Quadcopter\Projects\VS2012\Quadcopter\x64\Release\CL.5108.read.1.tlog
C:\Users\niti1987\Documents\GitHub\Quadcopter\Quadcopter\Projects\VS2012\Quadcopter\x64\Release\CL.5108.write.1.tlog
C:\Users\niti1987\Documents\GitHub\Quadcopter\Quadcopter\Projects\VS2012\Quadcopter\x64\Release\CL.5116.read.1.tlog
C:\Users\niti1987\Documents\GitHub\Quadcopter\Quadcopter\Projects\VS2012\Quadcopter\x64\Release\CL.5116.write.1.tlog
C:\Users\niti1987\Documents\GitHub\Quadcopter\Quadcopter\Projects\VS2012\Quadcopter\x64\Release\CL.5628.read.1.tlog
C:\Users\niti1987\Documents\GitHub\Quadcopter\Quadcopter\Projects\VS2012\Quadcopter\x64\Release\CL.5628.write.1.tlog
C:\Users\niti1987\Documents\GitHub\Quadcopter\Quadcopter\Projects\VS2012\Quadcopter\x64\Release\CL.5648.read.1.tlog
C:\Users\niti1987\Documents\GitHub\Quadcopter\Quadcopter\Projects\VS2012\Quadcopter\x64\Release\CL.5648.write.1.tlog
C:\Users\niti1987\Documents\GitHub\Quadcopter\Quadcopter\Projects\VS2012\Quadcopter\x64\Release\CL.6736.read.1.tlog
C:\Users\niti1987\Documents\GitHub\Quadcopter\Quadcopter\Projects\VS2012\Quadcopter\x64\Release\CL.6736.write.1.tlog
C:\Users\niti1987\Documents\GitHub\Quadcopter\Quadcopter\Projects\VS2012\Quadcopter\x64\Release\CL.7016.read.1.tlog
C:\Users\niti1987\Documents\GitHub\Quadcopter\Quadcopter\Projects\VS2012\Quadcopter\x64\Release\CL.7016.write.1.tlog
C:\Users\niti1987\Documents\GitHub\Quadcopter\Quadcopter\Projects\VS2012\Quadcopter\x64\Release\CL.7512.read.1.tlog
C:\Users\niti1987\Documents\GitHub\Quadcopter\Quadcopter\Projects\VS2012\Quadcopter\x64\Release\CL.7512.write.1.tlog
C:\Users\niti1987\Documents\GitHub\Quadcopter\Quadcopter\Projects\VS2012\Quadcopter\x64\Release\CL.8256.read.1.tlog
C:\Users\niti1987\Documents\GitHub\Quadcopter\Quadcopter\Projects\VS2012\Quadcopter\x64\Release\CL.8256.write.1.tlog
C:\Users\niti1987\Documents\GitHub\Quadcopter\Quadcopter\Projects\VS2012\Quadcopter\x64\Release\CL.8500.read.1.tlog
C:\Users\niti1987\Documents\GitHub\Quadcopter\Quadcopter\Projects\VS2012\Quadcopter\x64\Release\CL.8500.write.1.tlog
C:\Users\niti1987\Documents\GitHub\Quadcopter\Quadcopter\Projects\VS2012\Quadcopter\x64\Release\CL.880.read.1.tlog
C:\Users\niti1987\Documents\GitHub\Quadcopter\Quadcopter\Projects\VS2012\Quadcopter\x64\Release\CL.880.write.1.tlog
C:\Users\niti1987\Documents\GitHub\Quadcopter\Quadcopter\Projects\VS2012\Quadcopter\x64\Release\CL.9032.read.1.tlog
C:\Users\niti1987\Documents\GitHub\Quadcopter\Quadcopter\Projects\VS2012\Quadcopter\x64\Release\CL.9032.write.1.tlog
C:\Users\niti1987\Documents\GitHub\Quadcopter\Quadcopter\Projects\VS2012\Quadcopter\x64\Release\CL.9076.read.1.tlog
C:\Users\niti1987\Documents\GitHub\Quadcopter\Quadcopter\Projects\VS2012\Quadcopter\x64\Release\CL.9076.write.1.tlog
C:\Users\niti1987\Documents\GitHub\Quadcopter\Quadcopter\Projects\VS2012\Quadcopter\x64\Release\CL.9348.read.1.tlog
C:\Users\niti1987\Documents\GitHub\Quadcopter\Quadcopter\Projects\VS2012\Quadcopter\x64\Release\CL.9348.write.1.tlog
C:\Users\niti1987\Documents\GitHub\Quadcopter\Quadcopter\Projects\VS2012\Quadcopter\x64\Release\CL.9572.read.1.tlog
C:\Users\niti1987\Documents\GitHub\Quadcopter\Quadcopter\Projects\VS2012\Quadcopter\x64\Release\CL.9572.write.1.tlog
C:\Users\niti1987\Documents\GitHub\Quadcopter\Quadcopter\Projects\VS2012\Quadcopter\x64\Release\CL.9676.read.1.tlog
C:\Users\niti1987\Documents\GitHub\Quadcopter\Quadcopter\Projects\VS2012\Quadcopter\x64\Release\CL.9676.write.1.tlog
C:\Users\niti1987\Documents\GitHub\Quadcopter\Quadcopter\Projects\VS2012\Quadcopter\x64\Release\CL.9824.read.1.tlog
C:\Users\niti1987\Documents\GitHub\Quadcopter\Quadcopter\Projects\VS2012\Quadcopter\x64\Release\CL.9824.write.1.tlog
C:\Users\niti1987\Documents\GitHub\Quadcopter\Quadcopter\Projects\VS2012\Quadcopter\x64\Release\cl.command.1.tlog
C:\Users\niti1987\Documents\GitHub\Quadcopter\Quadcopter\Projects\VS2012\Quadcopter\x64\Release\cl.read.1.tlog
C:\Users\niti1987\Documents\GitHub\Quadcopter\Quadcopter\Projects\VS2012\Quadcopter\x64\Release\cl.write.1.tlog
C:\Users\niti1987\Documents\GitHub\Quadcopter\Quadcopter\Projects\VS2012\Quadcopter\x64\Release\link-cvtres.read.1.tlog
C:\Users\niti1987\Documents\GitHub\Quadcopter\Quadcopter\Projects\VS2012\Quadcopter\x64\Release\link-cvtres.write.1.tlog
C:\Users\niti1987\Documents\GitHub\Quadcopter\Quadcopter\Projects\VS2012\Quadcopter\x64\Release\link-rc.read.1.tlog
C:\Users\niti1987\Documents\GitHub\Quadcopter\Quadcopter\Projects\VS2012\Quadcopter\x64\Release\link-rc.write.1.tlog
C:\Users\niti1987\Documents\GitHub\Quadcopter\Quadcopter\Projects\VS2012\Quadcopter\x64\Release\link.command.1.tlog
C:\Users\niti1987\Documents\GitHub\Quadcopter\Quadcopter\Projects\VS2012\Quadcopter\x64\Release\link.read.1.tlog
C:\Users\niti1987\Documents\GitHub\Quadcopter\Quadcopter\Projects\VS2012\Quadcopter\x64\Release\link.read.4.tlog
C:\Users\niti1987\Documents\GitHub\Quadcopter\Quadcopter\Projects\VS2012\Quadcopter\x64\Release\link.write.1.tlog
C:\Users\niti1987\Documents\GitHub\Quadcopter\Quadcopter\Projects\VS2012\Quadcopter\x64\Release\vc110.pdb
C:\Users\niti1987\Documents\GitHub\Quadcopter\Quadcopter\Projects\VS2012\..\..\Release\Quadcopter_x64.exe
